<?xml version="1.0" encoding="UTF-8"?>
<robot generator="Robot 6.1.1 (Python 3.13.5 on win32)" generated="20251130 14:32:52.952" rpa="false" schemaversion="4">
<suite id="s1" name="Test Pet" source="C:\Repo\petstore\tests\test_pet.robot">
<test id="s1-t1" name="Create And Find Pet By Status" line="5">
<kw name="Create Dictionary" library="BuiltIn">
<var>${pet}</var>
<arg>id=77777</arg>
<arg>name=RoboDog</arg>
<arg>category=${{{"id":1,"name":"Dogs"}}}</arg>
<arg>photoUrls=${{["http://example.com/dog.jpg"]}}</arg>
<arg>tags=${{[{"id":1,"name":"tag1"}]}}</arg>
<arg>status=available</arg>
<doc>Creates and returns a dictionary based on the given ``items``.</doc>
<msg timestamp="20251130 14:32:53.121" level="INFO">${pet} = {'id': '77777', 'name': 'RoboDog', 'category': {'id': 1, 'name': 'Dogs'}, 'photoUrls': ['http://example.com/dog.jpg'], 'tags': [{'id': 1, 'name': 'tag1'}], 'status': 'available'}</msg>
<status status="PASS" starttime="20251130 14:32:53.120" endtime="20251130 14:32:53.122"/>
</kw>
<kw name="Create Pet" library="PetstoreLibrary">
<arg>${pet}</arg>
<status status="PASS" starttime="20251130 14:32:53.122" endtime="20251130 14:32:54.212"/>
</kw>
<kw name="Should Be Status" library="PetstoreLibrary">
<arg>200</arg>
<status status="PASS" starttime="20251130 14:32:54.212" endtime="20251130 14:32:54.213"/>
</kw>
<kw name="Find Pets By Status" library="PetstoreLibrary">
<arg>available</arg>
<status status="PASS" starttime="20251130 14:32:54.213" endtime="20251130 14:32:55.663"/>
</kw>
<kw name="Should Be Status" library="PetstoreLibrary">
<arg>200</arg>
<status status="PASS" starttime="20251130 14:32:55.663" endtime="20251130 14:32:55.664"/>
</kw>
<kw name="Get Last Json" library="PetstoreLibrary">
<var>${list}</var>
<msg timestamp="20251130 14:32:55.675" level="INFO">${list} = [{'id': 152, 'category': {'id': 0, 'name': 'string'}, 'name': 'Moggie', 'photoUrls': ['string'], 'tags': [{'id': 0, 'name': 'string'}], 'status': 'available'}, {'id': 867, 'category': {'id': 0, 'name'...</msg>
<status status="PASS" starttime="20251130 14:32:55.664" endtime="20251130 14:32:55.675"/>
</kw>
<kw name="Log" library="BuiltIn">
<arg>Found ${list.__len__()} pets</arg>
<doc>Logs the given message with the given level.</doc>
<msg timestamp="20251130 14:32:55.676" level="INFO">Found 661 pets</msg>
<status status="PASS" starttime="20251130 14:32:55.676" endtime="20251130 14:32:55.677"/>
</kw>
<kw name="Get Pet" library="PetstoreLibrary">
<arg>77777</arg>
<status status="PASS" starttime="20251130 14:32:55.677" endtime="20251130 14:32:56.913"/>
</kw>
<kw name="Should Be Status" library="PetstoreLibrary">
<arg>200</arg>
<status status="PASS" starttime="20251130 14:32:56.915" endtime="20251130 14:32:56.915"/>
</kw>
<kw name="Delete Pet" library="PetstoreLibrary">
<arg>77777</arg>
<status status="PASS" starttime="20251130 14:32:56.918" endtime="20251130 14:32:58.005"/>
</kw>
<kw name="Should Be Status" library="PetstoreLibrary">
<arg>200</arg>
<status status="PASS" starttime="20251130 14:32:58.006" endtime="20251130 14:32:58.007"/>
</kw>
<kw name="Cleanup Created" library="PetstoreLibrary">
<status status="PASS" starttime="20251130 14:32:58.008" endtime="20251130 14:32:59.090"/>
</kw>
<status status="PASS" starttime="20251130 14:32:53.119" endtime="20251130 14:32:59.092"/>
</test>
<status status="PASS" starttime="20251130 14:32:52.955" endtime="20251130 14:32:59.098"/>
</suite>
<statistics>
<total>
<stat pass="1" fail="0" skip="0">All Tests</stat>
</total>
<tag>
</tag>
<suite>
<stat pass="1" fail="0" skip="0" id="s1" name="Test Pet">Test Pet</stat>
</suite>
</statistics>
<errors>
</errors>
</robot>
